0 info it worked if it ends with ok
1 verbose cli [ 'node', '/usr/local/bin/npm', 'install', 'forever', '-g' ]
2 info using npm@1.4.9
3 info using node@v0.10.28
4 verbose cache add [ 'forever', null ]
5 verbose cache add name=undefined spec="forever" args=["forever",null]
6 verbose parsed url { protocol: null,
6 verbose parsed url   slashes: null,
6 verbose parsed url   auth: null,
6 verbose parsed url   host: null,
6 verbose parsed url   port: null,
6 verbose parsed url   hostname: null,
6 verbose parsed url   hash: null,
6 verbose parsed url   search: null,
6 verbose parsed url   query: null,
6 verbose parsed url   pathname: 'forever',
6 verbose parsed url   path: 'forever',
6 verbose parsed url   href: 'forever' }
7 silly lockFile e07f8c4a-forever forever
8 verbose lock forever /Users/joaovitor/.npm/e07f8c4a-forever.lock
9 silly lockFile e07f8c4a-forever forever
10 silly lockFile e07f8c4a-forever forever
11 verbose addNamed [ 'forever', '' ]
12 verbose addNamed [ null, '*' ]
13 silly lockFile 28ef027b-forever forever@
14 verbose lock forever@ /Users/joaovitor/.npm/28ef027b-forever.lock
15 silly addNameRange { name: 'forever', range: '*', hasData: false }
16 verbose url raw forever
17 verbose url resolving [ 'https://registry.npmjs.org/', './forever' ]
18 verbose url resolved https://registry.npmjs.org/forever
19 info trying registry request attempt 1 at 11:29:50
20 verbose etag "5IJQLKM0LDAGQRTKIDDJSWGRB"
21 http GET https://registry.npmjs.org/forever
22 http 200 https://registry.npmjs.org/forever
23 silly registry.get cb [ 200,
23 silly registry.get   { date: 'Mon, 03 Nov 2014 13:29:53 GMT',
23 silly registry.get     server: 'CouchDB/1.5.0 (Erlang OTP/R16B03)',
23 silly registry.get     etag: '"8WWL5YND29OQGR7ADADAFFWCR"',
23 silly registry.get     'content-type': 'application/json',
23 silly registry.get     'cache-control': 'max-age=60',
23 silly registry.get     'content-length': '68878',
23 silly registry.get     'accept-ranges': 'bytes',
23 silly registry.get     via: '1.1 varnish',
23 silly registry.get     age: '43',
23 silly registry.get     'x-served-by': 'cache-atl6234-ATL',
23 silly registry.get     'x-cache': 'HIT',
23 silly registry.get     'x-cache-hits': '1',
23 silly registry.get     'x-timer': 'S1415021393.296569,VS0,VE1',
23 silly registry.get     vary: 'Accept',
23 silly registry.get     'keep-alive': 'timeout=10, max=50',
23 silly registry.get     connection: 'Keep-Alive' } ]
24 silly addNameRange number 2 { name: 'forever', range: '*', hasData: true }
25 silly addNameRange versions [ 'forever',
25 silly addNameRange   [ '0.6.0',
25 silly addNameRange     '0.6.1',
25 silly addNameRange     '0.6.2',
25 silly addNameRange     '0.6.3',
25 silly addNameRange     '0.6.4',
25 silly addNameRange     '0.6.5',
25 silly addNameRange     '0.6.6',
25 silly addNameRange     '0.6.7',
25 silly addNameRange     '0.6.8',
25 silly addNameRange     '0.6.9',
25 silly addNameRange     '0.7.0',
25 silly addNameRange     '0.7.1',
25 silly addNameRange     '0.7.2',
25 silly addNameRange     '0.7.3',
25 silly addNameRange     '0.7.4',
25 silly addNameRange     '0.7.5',
25 silly addNameRange     '0.8.0',
25 silly addNameRange     '0.8.1',
25 silly addNameRange     '0.8.2',
25 silly addNameRange     '0.8.3',
25 silly addNameRange     '0.8.4',
25 silly addNameRange     '0.8.5',
25 silly addNameRange     '0.9.0',
25 silly addNameRange     '0.9.1',
25 silly addNameRange     '0.9.2',
25 silly addNameRange     '0.10.0',
25 silly addNameRange     '0.10.5',
25 silly addNameRange     '0.10.6',
25 silly addNameRange     '0.10.7',
25 silly addNameRange     '0.10.8',
25 silly addNameRange     '0.10.9',
25 silly addNameRange     '0.10.10',
25 silly addNameRange     '0.10.11',
25 silly addNameRange     '0.11.0',
25 silly addNameRange     '0.11.1',
25 silly addNameRange     '0.12.0' ] ]
26 verbose addNamed [ 'forever', '0.12.0' ]
27 verbose addNamed [ '0.12.0', '0.12.0' ]
28 silly lockFile 9306b86d-forever-0-12-0 forever@0.12.0
29 verbose lock forever@0.12.0 /Users/joaovitor/.npm/9306b86d-forever-0-12-0.lock
30 silly lockFile a2695b8a-s-org-forever-forever-0-12-0-tgz https://registry.npmjs.org/forever/-/forever-0.12.0.tgz
31 verbose lock https://registry.npmjs.org/forever/-/forever-0.12.0.tgz /Users/joaovitor/.npm/a2695b8a-s-org-forever-forever-0-12-0-tgz.lock
32 verbose addRemoteTarball [ 'https://registry.npmjs.org/forever/-/forever-0.12.0.tgz',
32 verbose addRemoteTarball   'beb52ba8fbd30366452819424a35192e132582fd' ]
33 info retry fetch attempt 1 at 11:30:01
34 verbose fetch to= /var/folders/8s/_wrktsv92f3850r4ktn35w0c0000gn/T/npm-1885-vq21Vn6j/1415021401554-0.9874525642953813/tmp.tgz
35 http GET https://registry.npmjs.org/forever/-/forever-0.12.0.tgz
36 http 200 https://registry.npmjs.org/forever/-/forever-0.12.0.tgz
37 verbose tar unpack /var/folders/8s/_wrktsv92f3850r4ktn35w0c0000gn/T/npm-1885-vq21Vn6j/1415021401554-0.9874525642953813/tmp.tgz
38 silly lockFile bfbd68fd-vitor-npm-forever-0-12-0-package tar:///Users/joaovitor/.npm/forever/0.12.0/package
39 verbose lock tar:///Users/joaovitor/.npm/forever/0.12.0/package /Users/joaovitor/.npm/bfbd68fd-vitor-npm-forever-0-12-0-package.lock
40 silly lockFile 11a27683-01554-0-9874525642953813-tmp-tgz tar:///var/folders/8s/_wrktsv92f3850r4ktn35w0c0000gn/T/npm-1885-vq21Vn6j/1415021401554-0.9874525642953813/tmp.tgz
41 verbose lock tar:///var/folders/8s/_wrktsv92f3850r4ktn35w0c0000gn/T/npm-1885-vq21Vn6j/1415021401554-0.9874525642953813/tmp.tgz /Users/joaovitor/.npm/11a27683-01554-0-9874525642953813-tmp-tgz.lock
42 silly gunzTarPerm modes [ '755', '644' ]
43 silly gunzTarPerm extractEntry package.json
44 silly gunzTarPerm extractEntry .npmignore
45 silly gunzTarPerm extractEntry README.md
46 silly gunzTarPerm extractEntry LICENSE
47 silly gunzTarPerm extractEntry .jshintrc
48 silly gunzTarPerm extractEntry bin/forever
49 silly gunzTarPerm extractEntry bin/monitor
50 silly gunzTarPerm extractEntry lib/forever.js
51 silly gunzTarPerm extractEntry lib/forever/cli.js
52 silly gunzTarPerm extractEntry lib/forever/worker.js
53 silly gunzTarPerm extractEntry .travis.yml
54 silly gunzTarPerm extractEntry test/cli-test
55 silly gunzTarPerm modified mode [ 'test/cli-test', 511, 493 ]
56 silly gunzTarPerm extractEntry test/core/daemonic-inheritance-test.js
57 silly gunzTarPerm extractEntry test/core/tail-stopall-test.js
58 silly gunzTarPerm extractEntry test/fixtures/log-on-interval.js
59 silly gunzTarPerm extractEntry test/fixtures/start-daemon.js
60 silly gunzTarPerm extractEntry test/fixtures/server.js
61 silly gunzTarPerm extractEntry test/helpers/macros.js
62 silly gunzTarPerm extractEntry test/helpers/mocks/child-process.js
63 silly gunzTarPerm extractEntry test/helpers/mocks/monitor.js
64 silly gunzTarPerm extractEntry test/helpers/mocks/stream.js
65 silly gunzTarPerm extractEntry test/worker/multiple-workers-test.js
66 silly gunzTarPerm extractEntry test/worker/simple-test.js
67 silly lockFile bfbd68fd-vitor-npm-forever-0-12-0-package tar:///Users/joaovitor/.npm/forever/0.12.0/package
68 silly lockFile bfbd68fd-vitor-npm-forever-0-12-0-package tar:///Users/joaovitor/.npm/forever/0.12.0/package
69 silly lockFile 11a27683-01554-0-9874525642953813-tmp-tgz tar:///var/folders/8s/_wrktsv92f3850r4ktn35w0c0000gn/T/npm-1885-vq21Vn6j/1415021401554-0.9874525642953813/tmp.tgz
70 silly lockFile 11a27683-01554-0-9874525642953813-tmp-tgz tar:///var/folders/8s/_wrktsv92f3850r4ktn35w0c0000gn/T/npm-1885-vq21Vn6j/1415021401554-0.9874525642953813/tmp.tgz
71 silly lockFile a2695b8a-s-org-forever-forever-0-12-0-tgz https://registry.npmjs.org/forever/-/forever-0.12.0.tgz
72 silly lockFile a2695b8a-s-org-forever-forever-0-12-0-tgz https://registry.npmjs.org/forever/-/forever-0.12.0.tgz
73 silly lockFile 9306b86d-forever-0-12-0 forever@0.12.0
74 silly lockFile 9306b86d-forever-0-12-0 forever@0.12.0
75 silly lockFile 28ef027b-forever forever@
76 silly lockFile 28ef027b-forever forever@
77 silly resolved [ { name: 'forever',
77 silly resolved     preferGlobal: 'true',
77 silly resolved     description: 'A simple CLI tool for ensuring that a given node script runs continuously (i.e. forever)',
77 silly resolved     version: '0.12.0',
77 silly resolved     author: { name: 'Charlie Robbins', email: 'charlie.robbins@gmail.com' },
77 silly resolved     maintainers: [ [Object], [Object] ],
77 silly resolved     repository: { type: 'git', url: 'http://github.com/nodejitsu/forever.git' },
77 silly resolved     keywords: [ 'cli', 'fault tolerant', 'sysadmin', 'tools' ],
77 silly resolved     dependencies:
77 silly resolved      { colors: '~0.6.2',
77 silly resolved        cliff: '0.1.8',
77 silly resolved        flatiron: '~0.3.11',
77 silly resolved        'forever-monitor': '1.4.0',
77 silly resolved        nconf: '~0.6.9',
77 silly resolved        nssocket: '~0.5.1',
77 silly resolved        optimist: '~0.6.0',
77 silly resolved        pkginfo: '0.3.0',
77 silly resolved        timespan: '~2.3.0',
77 silly resolved        watch: '~0.8.0',
77 silly resolved        utile: '~0.2.1',
77 silly resolved        winston: '~0.7.2' },
77 silly resolved     devDependencies:
77 silly resolved      { broadway: '0.2.x',
77 silly resolved        eventemitter2: '0.4.x',
77 silly resolved        request: '2.x.x',
77 silly resolved        vows: '0.7.x' },
77 silly resolved     bin: { forever: './bin/forever' },
77 silly resolved     main: './lib/forever',
77 silly resolved     scripts: { test: 'vows test/**/*-test.js --spec -i' },
77 silly resolved     engines: { node: '>= 0.8.x' },
77 silly resolved     readme: '# forever [![Build Status](https://api.travis-ci.org/nodejitsu/forever.svg)](http://travis-ci.org/nodejitsu/forever)\n\nA simple CLI tool for ensuring that a given script runs continuously (i.e. forever).\n\n## Installation\n\n``` bash\n  $ [sudo] npm install forever -g\n```\n\n**Note:** If you are using forever _programatically_ you should install [forever-monitor][0].\n\n``` bash\n  $ cd /path/to/your/project\n  $ [sudo] npm install forever-monitor\n```\n\n## Usage\nThere are two distinct ways to use forever: through the command line interface, or by requiring the forever module in your own code. **Note:** If you are using forever _programatically_ you should install [forever-monitor][0].\n\n### Using forever from the command line\nYou can use forever to run any kind of script continuously (whether it is written in node.js or not). The usage options are simple:\n\n```\n  $ forever --help\n  usage: forever [action] [options] SCRIPT [script-options]\n\n  Monitors the script specified in the current process or as a daemon\n\n  actions:\n    start               Start SCRIPT as a daemon\n    stop                Stop the daemon SCRIPT\n    stopall             Stop all running forever scripts\n    restart             Restart the daemon SCRIPT\n    restartall          Restart all running forever scripts\n    list                List all running forever scripts\n    config              Lists all forever user configuration\n    set <key> <val>     Sets the specified forever config <key>\n    clear <key>         Clears the specified forever config <key>\n    logs                Lists log files for all forever processes\n    logs <script|index> Tails the logs for <script|index>\n    columns add <col>   Adds the specified column to the output in `forever list`\n    columns rm <col>    Removed the specified column from the output in `forever list`\n    columns set <cols>  Set all columns for the output in `forever list`\n    cleanlogs           [CAREFUL] Deletes all historical forever log files\n\n  options:\n    -m  MAX          Only run the specified script MAX times\n    -l  LOGFILE      Logs the forever output to LOGFILE\n    -o  OUTFILE      Logs stdout from child script to OUTFILE\n    -e  ERRFILE      Logs stderr from child script to ERRFILE\n    -p  PATH         Base path for all forever related files (pid files, etc.)\n    -c  COMMAND      COMMAND to execute (defaults to node)\n    -a, --append     Append logs\n    -f, --fifo       Stream logs to stdout\n    -n, --number     Number of log lines to print\n    --pidFile        The pid file\n    --uid            Process uid, useful as a namespace for processes (must wrap in a string)\n                     eg. forever start --uid "production" app.js\n                         forever stop production\n    --sourceDir      The source directory for which SCRIPT is relative to\n    --minUptime      Minimum uptime (millis) for a script to not be considered "spinning"\n    --spinSleepTime  Time to wait (millis) between launches of a spinning script.\n    --colors         --no-colors will disable output coloring\n    --plain          Disable command line colors\n    -d, --debug      Forces forever to log debug output\n    -v, --verbose    Turns on the verbose messages from Forever\n    -s, --silent     Run the child script silencing stdout and stderr\n    -w, --watch      Watch for file changes\n    --watchDirectory Top-level directory to watch from\n    --watchIgnore    To ignore pattern when watch is enabled (multiple option is allowed)\n    --killSignal     Support exit signal customization (default is SIGKILL),\n                     used for restarting script gracefully eg. --killSignal=SIGTERM\n    -h, --help       You\'re staring at it\n\n  [Long Running Process]\n    The forever process will continue to run outputting log messages to the console.\n    ex. forever -o out.log -e err.log my-script.js\n\n  [Daemon]\n    The forever process will run as a daemon which will make the target process start\n    in the background. This is extremely useful for remote starting simple node.js scripts\n    without using nohup. It is recommended to run start with -o -l, & -e.\n    ex. forever start -l forever.log -o out.log -e err.log my-daemon.js\n        forever stop my-daemon.js\n```\n\nThere are [several examples][1] designed to test the fault tolerance of forever. Here\'s a simple usage example:\n\n``` bash\n  $ forever -m 5 examples/error-on-timer.js\n```\n\n### Changing where forever writes files\n\nBy default `forever` places all of the files it needs into `/$HOME/.forever`. If you would like to change that location just set the `FOREVER_ROOT` environment variable when you are running forever:\n\n```\nFOREVER_ROOT=/etc/forever forever start index.js\n```\n\nMake sure that the user running the process has the appropriate privileges to read & write to this directory.\n\n## Using forever module from node.js\nIn addition to using a Forever object, the forever module also exposes some useful methods. Each method returns an instance of an EventEmitter which emits when complete. See the [forever cli commands][2] for sample usage.\n\n**Remark:** As of `forever@0.6.0` processes will not automatically be available in `forever.list()`. In order to get your processes into `forever.list()` or `forever list` you must instantiate the `forever` socket server:\n\n``` js\n  forever.startServer(child);\n```\n\nThis method takes multiple `forever.Monitor` instances which are defined in the `forever-monitor` dependency.\n\n### forever.load (config)\n_Synchronously_ sets the specified configuration (config) for the forever module. There are two important options:\n\nOption    | Description                                       | Default\n-------   | ------------------------------------------------- | ---------\nroot      | Directory to put all default forever log files    | `forever.root`\npidPath   | Directory to put all forever *.pid files          | `[root]/pids`\nsockPath  | Directory for sockets for IPC between workers     | `[root]/sock`\nloglength | Number of logs to return in `forever tail`        | 100\ncolumns   | Array of columns to display when `format` is true | `forever.config.get(\'columns\')`\ndebug     | Boolean value indicating to run in debug mode     | false\nstream    | Boolean value indicating if logs will be streamed | false\n\n### forever.start (file, options)\nStarts a script with forever. The `options` object is what is expected by the `Monitor` of `forever-monitor`.\n\n### forever.startDaemon (file, options)\nStarts a script with forever as a daemon. WARNING: Will daemonize the current process. The `options` object is what is expected by the `Monitor` of `forever-monitor`.\n\n### forever.stop (index)\nStops the forever daemon script at the specified index. These indices are the same as those returned by forever.list(). This method returns an EventEmitter that raises the \'stop\' event when complete.\n\n### forever.stopAll (format)\nStops all forever scripts currently running. This method returns an EventEmitter that raises the \'stopAll\' event when complete.\n\nThe `format` parameter is a boolean value indicating whether the returned values should be formatted according to the configured columns which can set with `forever columns` or programmatically `forever.config.set(\'columns\')`.\n\n### forever.list (format, callback)\nReturns a list of metadata objects about each process that is being run using forever. This method will return the list of metadata as such. Only processes which have invoked `forever.startServer()` will be available from `forever.list()`\n\nThe `format` parameter is a boolean value indicating whether the returned values should be formatted according to the configured columns which can set with `forever columns` or programmatically `forever.config.set(\'columns\')`.\n\n### forever.tail (target, options, callback)\nResponds with the logs from the target script(s) from `tail`. There are two options:\n\n* `length` (numeric): is is used as the `-n` parameter to `tail`.\n* `stream` (boolean): is is used as the `-f` parameter to `tail`.\n\n### forever.cleanUp ()\nCleans up any extraneous forever *.pid files that are on the target system. This method returns an EventEmitter that raises the \'cleanUp\' event when complete.\n\n### forever.cleanLogsSync (processes)\nRemoves all log files from the root forever directory that do not belong to current running forever processes. Processes are the value returned from `Monitor.data` in `forever-monitor`.\n\n### forever.startServer (monitor0, monitor1, ..., monitorN)\nStarts the `forever` HTTP server for communication with the forever CLI. **NOTE:** This will change your `process.title`. This method takes multiple `forever.Monitor` instances which are defined in the `forever-monitor` dependency.\n\n## Run Tests\n\n``` bash\n  $ npm test\n```\n\n#### License: MIT\n#### Author: [Charlie Robbins](http://github.com/indexzero)\n#### Contributors: [Fedor Indutny](http://github.com/indutny), [James Halliday](http://substack.net/), [Charlie McConnell](http://github.com/avianflu), [Maciej Malecki](http://github.com/mmalecki), [John Lancaster](http://jlank.com)\n\n[0]: http://github.com/nodejitsu/forever-monitor\n[1]: http://github.com/nodejitsu/forever-monitor/tree/master/examples\n[2]: https://github.com/nodejitsu/forever/blob/master/lib/forever/cli.js\n',
77 silly resolved     readmeFilename: 'README.md',
77 silly resolved     bugs: { url: 'https://github.com/nodejitsu/forever/issues' },
77 silly resolved     homepage: 'https://github.com/nodejitsu/forever',
77 silly resolved     _id: 'forever@0.12.0',
77 silly resolved     _shasum: 'beb52ba8fbd30366452819424a35192e132582fd',
77 silly resolved     _from: 'forever@',
77 silly resolved     _resolved: 'https://registry.npmjs.org/forever/-/forever-0.12.0.tgz' } ]
78 info install forever@0.12.0 into /usr/local/lib
79 info installOne forever@0.12.0
80 info /usr/local/lib/node_modules/forever unbuild
81 verbose tar unpack /Users/joaovitor/.npm/forever/0.12.0/package.tgz
82 silly lockFile 5fd21e72-r-local-lib-node-modules-forever tar:///usr/local/lib/node_modules/forever
83 verbose lock tar:///usr/local/lib/node_modules/forever /Users/joaovitor/.npm/5fd21e72-r-local-lib-node-modules-forever.lock
84 silly lockFile 901f519f-r-npm-forever-0-12-0-package-tgz tar:///Users/joaovitor/.npm/forever/0.12.0/package.tgz
85 verbose lock tar:///Users/joaovitor/.npm/forever/0.12.0/package.tgz /Users/joaovitor/.npm/901f519f-r-npm-forever-0-12-0-package-tgz.lock
86 silly gunzTarPerm modes [ '755', '644' ]
87 error Error: EACCES, mkdir '/usr/local/lib/node_modules/forever'
87 error  { [Error: EACCES, mkdir '/usr/local/lib/node_modules/forever']
87 error   errno: 3,
87 error   code: 'EACCES',
87 error   path: '/usr/local/lib/node_modules/forever',
87 error   fstream_type: 'Directory',
87 error   fstream_path: '/usr/local/lib/node_modules/forever',
87 error   fstream_class: 'DirWriter',
87 error   fstream_stack:
87 error    [ '/usr/local/lib/node_modules/npm/node_modules/fstream/lib/dir-writer.js:36:23',
87 error      '/usr/local/lib/node_modules/npm/node_modules/mkdirp/index.js:37:53',
87 error      'Object.oncomplete (fs.js:107:15)' ] }
88 error Please try running this command again as root/Administrator.
89 error System Darwin 14.0.0
90 error command "node" "/usr/local/bin/npm" "install" "forever" "-g"
91 error cwd /Development/node.js/ri
92 error node -v v0.10.28
93 error npm -v 1.4.9
94 error path /usr/local/lib/node_modules/forever
95 error fstream_path /usr/local/lib/node_modules/forever
96 error fstream_type Directory
97 error fstream_class DirWriter
98 error code EACCES
99 error errno 3
100 error stack Error: EACCES, mkdir '/usr/local/lib/node_modules/forever'
101 error fstream_stack /usr/local/lib/node_modules/npm/node_modules/fstream/lib/dir-writer.js:36:23
101 error fstream_stack /usr/local/lib/node_modules/npm/node_modules/mkdirp/index.js:37:53
101 error fstream_stack Object.oncomplete (fs.js:107:15)
102 verbose exit [ 3, true ]
